<?xml version="1.0" encoding="UTF-8"?>
<testsuite name="TestWallE" tests="5" skipped="0" failures="0" errors="0" timestamp="2021-03-04T21:42:21" hostname="DESKTOP-CP0A4DS" time="6.485">
  <properties/>
  <testcase name="testComNumeros()" classname="TestWallE" time="0.028"/>
  <testcase name="testSemEscreverLetra()" classname="TestWallE" time="0.001"/>
  <testcase name="testGrandeString()" classname="TestWallE" time="6.445"/>
  <testcase name="testTresPercusos()" classname="TestWallE" time="0.007"/>
  <testcase name="testStringComEspaco()" classname="TestWallE" time="0.001"/>
  <system-out><![CDATA[]]></system-out>
  <system-err><![CDATA[]]></system-err>
</testsuite>
