<?xml version="1.0" encoding="UTF-8"?>
<testsuite name="TestWallE" tests="5" skipped="0" failures="0" errors="0" timestamp="2021-03-04T17:12:09" hostname="DESKTOP-CP0A4DS" time="2.566">
  <properties/>
  <testcase name="testComNumeros()" classname="TestWallE" time="0.029"/>
  <testcase name="testSemEscreverLetra()" classname="TestWallE" time="0.001"/>
  <testcase name="testGrandeString()" classname="TestWallE" time="2.526"/>
  <testcase name="testTresPercusos()" classname="TestWallE" time="0.005"/>
  <testcase name="testStringComEspaco()" classname="TestWallE" time="0.001"/>
  <system-out><![CDATA[]]></system-out>
  <system-err><![CDATA[]]></system-err>
</testsuite>
